<?xml version="1.0" encoding="UTF-8"?>
<testsuite xmlns:xsi="http://www.w3.org/2001/XMLSchema-instance" xsi:noNamespaceSchemaLocation="https://maven.apache.org/surefire/maven-surefire-plugin/xsd/surefire-test-report.xsd" version="3.0.2" name="meli.reserva.tickets.reserva_tickets.ReservaTicketsApplicationTests" time="2.87" tests="1" errors="0" skipped="0" failures="0">
  <properties>
[...]
</properties>
  <testcase name="contextLoads" classname="meli.reserva.tickets.reserva_tickets.ReservaTicketsApplicationTests" time="0.512">
    <system-out><![CDATA[20:47:47.589 [main] INFO org.springframework.test.context.support.AnnotationConfigContextLoaderUtils -- Could not detect default configuration classes for test class [meli.reserva.tickets.reserva_tickets.ReservaTicketsApplicationTests]: ReservaTicketsApplicationTests does not declare any static, non-private, non-final, nested classes annotated with @Configuration.
20:47:47.661 [main] INFO org.springframework.boot.test.context.SpringBootTestContextBootstrapper -- Found @SpringBootConfiguration meli.reserva.tickets.ReservaTicketsApplication for test class meli.reserva.tickets.reserva_tickets.ReservaTicketsApplicationTests

  .   ____          _            __ _ _
 /\\ / ___'_ __ _ _(_)_ __  __ _ \ \ \ \
( ( )\___ | '_ | '_| | '_ \/ _` | \ \ \ \
 \\/  ___)| |_)| | | | | || (_| |  ) ) ) )
  '  |____| .__|_| |_|_| |_\__, | / / / /
 =========|_|==============|___/=/_/_/_/

 :: Spring Boot ::                (v3.4.3)

2025-03-02T20:47:47.937-05:00  INFO 51604 --- [reserva-tickets] [           main] m.r.t.r.ReservaTicketsApplicationTests   : Starting ReservaTicketsApplicationTests using Java 21.0.6 with PID 51604 (started by davidbeltran in /home/davidbeltran/Documentos/Personal/Prueba/reserva-tickets)
2025-03-02T20:47:47.938-05:00  INFO 51604 --- [reserva-tickets] [           main] m.r.t.r.ReservaTicketsApplicationTests   : No active profile set, falling back to 1 default profile: "default"
2025-03-02T20:47:48.280-05:00  INFO 51604 --- [reserva-tickets] [           main] .s.d.r.c.RepositoryConfigurationDelegate : Bootstrapping Spring Data Firestore-reactive repositories in DEFAULT mode.
2025-03-02T20:47:48.387-05:00  INFO 51604 --- [reserva-tickets] [           main] .s.d.r.c.RepositoryConfigurationDelegate : Finished Spring Data repository scanning in 103 ms. Found 1 Firestore-reactive repository interface.
2025-03-02T20:47:48.547-05:00  INFO 51604 --- [reserva-tickets] [           main] o.s.cloud.context.scope.GenericScope     : BeanFactory id=82ef9eb6-4be8-3eaa-8293-6ba3396165d3
2025-03-02T20:47:48.661-05:00  INFO 51604 --- [reserva-tickets] [           main] c.g.c.s.a.c.GcpContextAutoConfiguration  : The default project ID is clever-span-452523-f2
2025-03-02T20:47:48.703-05:00  INFO 51604 --- [reserva-tickets] [           main] c.g.c.s.core.DefaultCredentialsProvider  : Default credentials provider for service account reserva-tickets@clever-span-452523-f2.iam.gserviceaccount.com
2025-03-02T20:47:48.704-05:00  INFO 51604 --- [reserva-tickets] [           main] c.g.c.s.core.DefaultCredentialsProvider  : Scopes in use by default credentials: [https://www.googleapis.com/auth/pubsub, https://www.googleapis.com/auth/spanner.admin, https://www.googleapis.com/auth/spanner.data, https://www.googleapis.com/auth/datastore, https://www.googleapis.com/auth/sqlservice.admin, https://www.googleapis.com/auth/devstorage.read_only, https://www.googleapis.com/auth/devstorage.read_write, https://www.googleapis.com/auth/cloudruntimeconfig, https://www.googleapis.com/auth/trace.append, https://www.googleapis.com/auth/cloud-platform, https://www.googleapis.com/auth/cloud-vision, https://www.googleapis.com/auth/bigquery, https://www.googleapis.com/auth/monitoring.write]
2025-03-02T20:47:49.830-05:00  INFO 51604 --- [reserva-tickets] [           main] m.r.t.r.ReservaTicketsApplicationTests   : Started ReservaTicketsApplicationTests in 2.078 seconds (process running for 2.672)
]]></system-out>
    <system-err><![CDATA[Mockito is currently self-attaching to enable the inline-mock-maker. This will no longer work in future releases of the JDK. Please add Mockito as an agent to your build what is described in Mockito's documentation: https://javadoc.io/doc/org.mockito/mockito-core/latest/org/mockito/Mockito.html#0.3
WARNING: A Java agent has been loaded dynamically (/home/davidbeltran/.m2/repository/net/bytebuddy/byte-buddy-agent/1.15.11/byte-buddy-agent-1.15.11.jar)
WARNING: If a serviceability tool is in use, please run with -XX:+EnableDynamicAgentLoading to hide this warning
WARNING: If a serviceability tool is not in use, please run with -Djdk.instrument.traceUsage for more information
WARNING: Dynamic loading of agents will be disallowed by default in a future release
]]></system-err>
  </testcase>
</testsuite>